<?xml version="1.0" encoding="UTF-8"?>
<testng-results ignored="0" total="1" passed="1" failed="0" skipped="0">
  <reporter-output>
  </reporter-output>
  <suite started-at="2024-03-11T12:49:09 IST" name="Default suite" finished-at="2024-03-11T12:49:37 IST" duration-ms="28194">
    <groups>
    </groups>
    <test started-at="2024-03-11T12:49:09 IST" name="Default test" finished-at="2024-03-11T12:49:37 IST" duration-ms="28194">
      <class name="org.automation_fk.Test_FK_Product">
        <test-method is-config="true" signature="setUp()[pri:0, instance:org.automation_fk.Test_FK_Product@6e0f5f7f]" started-at="2024-03-11T12:49:09 IST" name="setUp" finished-at="2024-03-11T12:49:21 IST" duration-ms="11671" status="PASS">
          <reporter-output>
          </reporter-output>
        </test-method> <!-- setUp -->
        <test-method signature="login()[pri:0, instance:org.automation_fk.Test_FK_Product@6e0f5f7f]" started-at="2024-03-11T12:49:21 IST" name="login" finished-at="2024-03-11T12:49:34 IST" duration-ms="13540" status="PASS">
          <reporter-output>
          </reporter-output>
        </test-method> <!-- login -->
        <test-method is-config="true" signature="tearDown()[pri:0, instance:org.automation_fk.Test_FK_Product@6e0f5f7f]" started-at="2024-03-11T12:49:34 IST" name="tearDown" finished-at="2024-03-11T12:49:37 IST" duration-ms="2935" status="PASS">
          <reporter-output>
          </reporter-output>
        </test-method> <!-- tearDown -->
      </class> <!-- org.automation_fk.Test_FK_Product -->
    </test> <!-- Default test -->
  </suite> <!-- Default suite -->
</testng-results>
